  Field.cpp
  Game.cpp
D:\Downloads\Tetris\Tetris\Game.cpp(7,12): warning C4244: 'argument': conversion from 'time_t' to 'unsigned int', possible loss of data
D:\Downloads\Tetris\Tetris\Game.cpp(31,20): warning C4018: '<': signed/unsigned mismatch
D:\Downloads\Tetris\Tetris\Game.cpp(62,20): warning C4018: '<': signed/unsigned mismatch
D:\Downloads\Tetris\Tetris\Game.cpp(87,20): warning C4018: '<': signed/unsigned mismatch
D:\Downloads\Tetris\Tetris\Game.cpp(121,22): warning C4018: '<': signed/unsigned mismatch
D:\Downloads\Tetris\Tetris\Game.cpp(139,20): warning C4018: '<': signed/unsigned mismatch
D:\Downloads\Tetris\Tetris\Game.cpp(159,22): warning C4018: '<': signed/unsigned mismatch
D:\Downloads\Tetris\Tetris\Game.cpp(245,36): warning C4244: '=': conversion from '_Rep' to 'int', possible loss of data
          with
          [
              _Rep=__int64
          ]
  Main.cpp
  View.cpp
D:\Downloads\Tetris\Tetris\View.cpp(74,20): warning C4018: '<': signed/unsigned mismatch
D:\Downloads\Tetris\Tetris\View.cpp(81,20): warning C4018: '<': signed/unsigned mismatch
  Generating Code...
D:\Downloads\Tetris\Tetris\View.cpp(125): warning C4715: 'View::ViewAction': not all control paths return a value
  Tetris.vcxproj -> D:\Downloads\Tetris\Debug\Tetris.exe
